<?xml version='1.0' encoding='UTF-8'?>
<testsuite hostname="GPLLL0315" name="barneshut.BarnesHutSuite" tests="13" errors="0" failures="0" time="0.145">
                     <properties>
[...]
</properties>
                     <testcase classname="barneshut.BarnesHutSuite" name="Empty: center of mass should be the center of the cell" time="0.016">
                                                 
                                               </testcase><testcase classname="barneshut.BarnesHutSuite" name="Empty: mass should be 0" time="0.0">
                                                 
                                               </testcase><testcase classname="barneshut.BarnesHutSuite" name="Empty: total should be 0" time="0.0">
                                                 
                                               </testcase><testcase classname="barneshut.BarnesHutSuite" name="Leaf with 1 body" time="0.029">
                                                 
                                               </testcase><testcase classname="barneshut.BarnesHutSuite" name="Fork with 3 empty quadrants and 1 leaf (nw)" time="0.027">
                                                 
                                               </testcase><testcase classname="barneshut.BarnesHutSuite" name="Fork with 4 empty quadrants" time="0.0">
                                                 
                                               </testcase><testcase classname="barneshut.BarnesHutSuite" name="insert(b) should return a Leaf with only that body" time="0.001">
                                                 
                                               </testcase><testcase classname="barneshut.BarnesHutSuite" name="insert(b) should return a new Fork if size &gt; minimumSize" time="0.013">
                                                 
                                               </testcase><testcase classname="barneshut.BarnesHutSuite" name="insert(b) should insert recursively in the appropriate quadrant" time="0.0">
                                                 
                                               </testcase><testcase classname="barneshut.BarnesHutSuite" name="updated should do nothing for Empty quad trees" time="0.0">
                                                 
                                               </testcase><testcase classname="barneshut.BarnesHutSuite" name="updated should take bodies in a Leaf into account" time="0.007">
                                                 
                                               </testcase><testcase classname="barneshut.BarnesHutSuite" name="+=' should add a body at (25,47) to the correct bucket of a sector matrix of size 96" time="0.048">
                                                 
                                               </testcase><testcase classname="barneshut.BarnesHutSuite" name="combine' should correctly combine two sector matrices of size 96 that contain some points in the same sector" time="0.004">
                                                 
                                               </testcase>
                     <system-out></system-out>
                     <system-err></system-err>
                   </testsuite>